find: 'arch/*/kernel': No such file or directory
find: 'arch/*/oprofile': No such file or directory
find: 'arch/*/kvm/kvm.ko': No such file or directory
find: 'arch/s390/*': No such file or directory
find: 'drivers/crypto/nx/*': No such file or directory
find: 'drivers/misc/cxl/*': No such file or directory
find: 'drivers/net/ethernet/ibm/*': No such file or directory
find: 'drivers/s390/*': No such file or directory
find: 'drivers/scsi/cxlflash/*': No such file or directory
find: 'drivers/scsi/ibmvscsi/*': No such file or directory
find: 'drivers/target/target_core*.ko': No such file or directory
find: 'fs/configfs/*': No such file or directory
find: 'fs/ecryptfs/*': No such file or directory
find: 'fs/efivarfs/*': No such file or directory
find: 'fs/ext4/*': No such file or directory
find: 'fs/fscache/*': No such file or directory
find: 'fs/squashfs/*': No such file or directory
find: 'net/bpfilter/*': No such file or directory
find: 'net/decnet/*': No such file or directory
find: 'net/ipx/*': No such file or directory
Warning: Could not find /home/jglathe/src/linux_ms_dev_kit/debian/linux-modules-extra-6.13.9-jg-0-qcom-x1e/lib/modules/6.13.9-jg-0-qcom-x1e/kernel/arch/powerpc/kvm/kvm-hv.ko
Warning: Could not find /home/jglathe/src/linux_ms_dev_kit/debian/linux-modules-extra-6.13.9-jg-0-qcom-x1e/lib/modules/6.13.9-jg-0-qcom-x1e/kernel/arch/powerpc/kvm/kvm-pr.ko
Warning: Could not find /home/jglathe/src/linux_ms_dev_kit/debian/linux-modules-extra-6.13.9-jg-0-qcom-x1e/lib/modules/6.13.9-jg-0-qcom-x1e/kernel/arch/powerpc/kvm/vfio.ko
Warning: Could not find /home/jglathe/src/linux_ms_dev_kit/debian/linux-modules-extra-6.13.9-jg-0-qcom-x1e/lib/modules/6.13.9-jg-0-qcom-x1e/kernel/arch/powerpc/platforms/powernv/opal-prd.ko
Warning: Could not find /home/jglathe/src/linux_ms_dev_kit/debian/linux-modules-extra-6.13.9-jg-0-qcom-x1e/lib/modules/6.13.9-jg-0-qcom-x1e/kernel/arch/x86/kvm/kvm-amd.ko
Warning: Could not find /home/jglathe/src/linux_ms_dev_kit/debian/linux-modules-extra-6.13.9-jg-0-qcom-x1e/lib/modules/6.13.9-jg-0-qcom-x1e/kernel/arch/x86/kvm/kvm-intel.ko
Warning: Could not find /home/jglathe/src/linux_ms_dev_kit/debian/linux-modules-extra-6.13.9-jg-0-qcom-x1e/lib/modules/6.13.9-jg-0-qcom-x1e/kernel/drivers/ata/acard-ahci.ko
Warning: Could not find /home/jglathe/src/linux_ms_dev_kit/debian/linux-modules-extra-6.13.9-jg-0-qcom-x1e/lib/modules/6.13.9-jg-0-qcom-x1e/kernel/drivers/ata/ahci.ko
Warning: Could not find /home/jglathe/src/linux_ms_dev_kit/debian/linux-modules-extra-6.13.9-jg-0-qcom-x1e/lib/modules/6.13.9-jg-0-qcom-x1e/kernel/drivers/ata/ahci_platform.ko
Warning: Could not find /home/jglathe/src/linux_ms_dev_kit/debian/linux-modules-extra-6.13.9-jg-0-qcom-x1e/lib/modules/6.13.9-jg-0-qcom-x1e/kernel/drivers/ata/ahci_tegra.ko
Warning: Could not find /home/jglathe/src/linux_ms_dev_kit/debian/linux-modules-extra-6.13.9-jg-0-qcom-x1e/lib/modules/6.13.9-jg-0-qcom-x1e/kernel/drivers/ata/ata_generic.ko
Warning: Could not find /home/jglathe/src/linux_ms_dev_kit/debian/linux-modules-extra-6.13.9-jg-0-qcom-x1e/lib/modules/6.13.9-jg-0-qcom-x1e/kernel/drivers/ata/libahci.ko
Warning: Could not find /home/jglathe/src/linux_ms_dev_kit/debian/linux-modules-extra-6.13.9-jg-0-qcom-x1e/lib/modules/6.13.9-jg-0-qcom-x1e/kernel/drivers/ata/libahci_platform.ko
Warning: Could not find /home/jglathe/src/linux_ms_dev_kit/debian/linux-modules-extra-6.13.9-jg-0-qcom-x1e/lib/modules/6.13.9-jg-0-qcom-x1e/kernel/drivers/block/brd.ko
Warning: Could not find /home/jglathe/src/linux_ms_dev_kit/debian/linux-modules-extra-6.13.9-jg-0-qcom-x1e/lib/modules/6.13.9-jg-0-qcom-x1e/kernel/drivers/block/cryptoloop.ko
Warning: Could not find /home/jglathe/src/linux_ms_dev_kit/debian/linux-modules-extra-6.13.9-jg-0-qcom-x1e/lib/modules/6.13.9-jg-0-qcom-x1e/kernel/drivers/block/floppy.ko
Warning: Could not find /home/jglathe/src/linux_ms_dev_kit/debian/linux-modules-extra-6.13.9-jg-0-qcom-x1e/lib/modules/6.13.9-jg-0-qcom-x1e/kernel/drivers/block/loop.ko
Warning: Could not find /home/jglathe/src/linux_ms_dev_kit/debian/linux-modules-extra-6.13.9-jg-0-qcom-x1e/lib/modules/6.13.9-jg-0-qcom-x1e/kernel/drivers/block/nbd.ko
Warning: Could not find /home/jglathe/src/linux_ms_dev_kit/debian/linux-modules-extra-6.13.9-jg-0-qcom-x1e/lib/modules/6.13.9-jg-0-qcom-x1e/kernel/drivers/block/rbd.ko
Warning: Could not find /home/jglathe/src/linux_ms_dev_kit/debian/linux-modules-extra-6.13.9-jg-0-qcom-x1e/lib/modules/6.13.9-jg-0-qcom-x1e/kernel/drivers/block/virtio_blk.ko
Warning: Could not find /home/jglathe/src/linux_ms_dev_kit/debian/linux-modules-extra-6.13.9-jg-0-qcom-x1e/lib/modules/6.13.9-jg-0-qcom-x1e/kernel/drivers/block/xen-blkfront.ko
Warning: Could not find /home/jglathe/src/linux_ms_dev_kit/debian/linux-modules-extra-6.13.9-jg-0-qcom-x1e/lib/modules/6.13.9-jg-0-qcom-x1e/kernel/drivers/bus/tegra-aconnect.ko
Warning: Could not find /home/jglathe/src/linux_ms_dev_kit/debian/linux-modules-extra-6.13.9-jg-0-qcom-x1e/lib/modules/6.13.9-jg-0-qcom-x1e/kernel/drivers/char/hangcheck-timer.ko
Warning: Could not find /home/jglathe/src/linux_ms_dev_kit/debian/linux-modules-extra-6.13.9-jg-0-qcom-x1e/lib/modules/6.13.9-jg-0-qcom-x1e/kernel/drivers/char/hw_random/powernv-rng.ko
Warning: Could not find /home/jglathe/src/linux_ms_dev_kit/debian/linux-modules-extra-6.13.9-jg-0-qcom-x1e/lib/modules/6.13.9-jg-0-qcom-x1e/kernel/drivers/char/hw_random/virtio-rng.ko
Warning: Could not find /home/jglathe/src/linux_ms_dev_kit/debian/linux-modules-extra-6.13.9-jg-0-qcom-x1e/lib/modules/6.13.9-jg-0-qcom-x1e/kernel/drivers/char/ipmi/ipmi_msghandler.ko
Warning: Could not find /home/jglathe/src/linux_ms_dev_kit/debian/linux-modules-extra-6.13.9-jg-0-qcom-x1e/lib/modules/6.13.9-jg-0-qcom-x1e/kernel/drivers/char/lp.ko
Warning: Could not find /home/jglathe/src/linux_ms_dev_kit/debian/linux-modules-extra-6.13.9-jg-0-qcom-x1e/lib/modules/6.13.9-jg-0-qcom-x1e/kernel/drivers/char/nvram.ko
Warning: Could not find /home/jglathe/src/linux_ms_dev_kit/debian/linux-modules-extra-6.13.9-jg-0-qcom-x1e/lib/modules/6.13.9-jg-0-qcom-x1e/kernel/drivers/char/ppdev.ko
Warning: Could not find /home/jglathe/src/linux_ms_dev_kit/debian/linux-modules-extra-6.13.9-jg-0-qcom-x1e/lib/modules/6.13.9-jg-0-qcom-x1e/kernel/drivers/char/raw.ko
Warning: Could not find /home/jglathe/src/linux_ms_dev_kit/debian/linux-modules-extra-6.13.9-jg-0-qcom-x1e/lib/modules/6.13.9-jg-0-qcom-x1e/kernel/drivers/char/virtio_console.ko
Warning: Could not find /home/jglathe/src/linux_ms_dev_kit/debian/linux-modules-extra-6.13.9-jg-0-qcom-x1e/lib/modules/6.13.9-jg-0-qcom-x1e/kernel/drivers/clk/clk-max77686.ko
Warning: Could not find /home/jglathe/src/linux_ms_dev_kit/debian/linux-modules-extra-6.13.9-jg-0-qcom-x1e/lib/modules/6.13.9-jg-0-qcom-x1e/kernel/drivers/cpufreq/tegra186-cpufreq.ko
Warning: Could not find /home/jglathe/src/linux_ms_dev_kit/debian/linux-modules-extra-6.13.9-jg-0-qcom-x1e/lib/modules/6.13.9-jg-0-qcom-x1e/kernel/drivers/cpufreq/tegra194-cpufreq.ko
Warning: Could not find /home/jglathe/src/linux_ms_dev_kit/debian/linux-modules-extra-6.13.9-jg-0-qcom-x1e/lib/modules/6.13.9-jg-0-qcom-x1e/kernel/drivers/crypto/vmx/vmx-crypto.ko
Warning: Could not find /home/jglathe/src/linux_ms_dev_kit/debian/linux-modules-extra-6.13.9-jg-0-qcom-x1e/lib/modules/6.13.9-jg-0-qcom-x1e/kernel/drivers/dma/tegra210-adma.ko
Warning: Could not find /home/jglathe/src/linux_ms_dev_kit/debian/linux-modules-extra-6.13.9-jg-0-qcom-x1e/lib/modules/6.13.9-jg-0-qcom-x1e/kernel/drivers/firmware/dmi-sysfs.ko
Warning: Could not find /home/jglathe/src/linux_ms_dev_kit/debian/linux-modules-extra-6.13.9-jg-0-qcom-x1e/lib/modules/6.13.9-jg-0-qcom-x1e/kernel/drivers/firmware/iscsi_ibft.ko
Warning: Could not find /home/jglathe/src/linux_ms_dev_kit/debian/linux-modules-extra-6.13.9-jg-0-qcom-x1e/lib/modules/6.13.9-jg-0-qcom-x1e/kernel/drivers/gpio/gpio-max77620.ko
Warning: Could not find /home/jglathe/src/linux_ms_dev_kit/debian/linux-modules-extra-6.13.9-jg-0-qcom-x1e/lib/modules/6.13.9-jg-0-qcom-x1e/kernel/drivers/gpu/drm/ast/ast.ko
Warning: Could not find /home/jglathe/src/linux_ms_dev_kit/debian/linux-modules-extra-6.13.9-jg-0-qcom-x1e/lib/modules/6.13.9-jg-0-qcom-x1e/kernel/drivers/gpu/drm/bochs/bochs-drm.ko
Warning: Could not find /home/jglathe/src/linux_ms_dev_kit/debian/linux-modules-extra-6.13.9-jg-0-qcom-x1e/lib/modules/6.13.9-jg-0-qcom-x1e/kernel/drivers/gpu/drm/cirrus/cirrus.ko
Warning: Could not find /home/jglathe/src/linux_ms_dev_kit/debian/linux-modules-extra-6.13.9-jg-0-qcom-x1e/lib/modules/6.13.9-jg-0-qcom-x1e/kernel/drivers/gpu/drm/drm.ko
Warning: Could not find /home/jglathe/src/linux_ms_dev_kit/debian/linux-modules-extra-6.13.9-jg-0-qcom-x1e/lib/modules/6.13.9-jg-0-qcom-x1e/kernel/drivers/gpu/drm/drm_kms_helper.ko
Warning: Could not find /home/jglathe/src/linux_ms_dev_kit/debian/linux-modules-extra-6.13.9-jg-0-qcom-x1e/lib/modules/6.13.9-jg-0-qcom-x1e/kernel/drivers/gpu/drm/tegra/tegra-drm.ko
Warning: Could not find /home/jglathe/src/linux_ms_dev_kit/debian/linux-modules-extra-6.13.9-jg-0-qcom-x1e/lib/modules/6.13.9-jg-0-qcom-x1e/kernel/drivers/gpu/drm/ttm/ttm.ko
Warning: Could not find /home/jglathe/src/linux_ms_dev_kit/debian/linux-modules-extra-6.13.9-jg-0-qcom-x1e/lib/modules/6.13.9-jg-0-qcom-x1e/kernel/drivers/gpu/drm/vboxvideo/vboxvideo.ko
Warning: Could not find /home/jglathe/src/linux_ms_dev_kit/debian/linux-modules-extra-6.13.9-jg-0-qcom-x1e/lib/modules/6.13.9-jg-0-qcom-x1e/kernel/drivers/gpu/drm/virtio/virtio-gpu.ko
Warning: Could not find /home/jglathe/src/linux_ms_dev_kit/debian/linux-modules-extra-6.13.9-jg-0-qcom-x1e/lib/modules/6.13.9-jg-0-qcom-x1e/kernel/drivers/gpu/drm/vmwgfx/vmwgfx.ko
Warning: Could not find /home/jglathe/src/linux_ms_dev_kit/debian/linux-modules-extra-6.13.9-jg-0-qcom-x1e/lib/modules/6.13.9-jg-0-qcom-x1e/kernel/drivers/gpu/drm/xen/drm_xen_front.ko
Warning: Could not find /home/jglathe/src/linux_ms_dev_kit/debian/linux-modules-extra-6.13.9-jg-0-qcom-x1e/lib/modules/6.13.9-jg-0-qcom-x1e/kernel/drivers/gpu/host1x/host1x.ko
Warning: Could not find /home/jglathe/src/linux_ms_dev_kit/debian/linux-modules-extra-6.13.9-jg-0-qcom-x1e/lib/modules/6.13.9-jg-0-qcom-x1e/kernel/drivers/hid/hid-generic.ko
Warning: Could not find /home/jglathe/src/linux_ms_dev_kit/debian/linux-modules-extra-6.13.9-jg-0-qcom-x1e/lib/modules/6.13.9-jg-0-qcom-x1e/kernel/drivers/hid/hid-hyperv.ko
Warning: Could not find /home/jglathe/src/linux_ms_dev_kit/debian/linux-modules-extra-6.13.9-jg-0-qcom-x1e/lib/modules/6.13.9-jg-0-qcom-x1e/kernel/drivers/hid/hid.ko
Warning: Could not find /home/jglathe/src/linux_ms_dev_kit/debian/linux-modules-extra-6.13.9-jg-0-qcom-x1e/lib/modules/6.13.9-jg-0-qcom-x1e/kernel/drivers/hid/usbhid/usbhid.ko
Warning: Could not find /home/jglathe/src/linux_ms_dev_kit/debian/linux-modules-extra-6.13.9-jg-0-qcom-x1e/lib/modules/6.13.9-jg-0-qcom-x1e/kernel/drivers/hwmon/ibmpowernv.ko
Warning: Could not find /home/jglathe/src/linux_ms_dev_kit/debian/linux-modules-extra-6.13.9-jg-0-qcom-x1e/lib/modules/6.13.9-jg-0-qcom-x1e/kernel/drivers/hwmon/pwm-fan.ko
Warning: Could not find /home/jglathe/src/linux_ms_dev_kit/debian/linux-modules-extra-6.13.9-jg-0-qcom-x1e/lib/modules/6.13.9-jg-0-qcom-x1e/kernel/drivers/i2c/busses/i2c-tegra-bpmp.ko
Warning: Could not find /home/jglathe/src/linux_ms_dev_kit/debian/linux-modules-extra-6.13.9-jg-0-qcom-x1e/lib/modules/6.13.9-jg-0-qcom-x1e/kernel/drivers/i2c/busses/i2c-tegra-bpmp.ko
Warning: Could not find /home/jglathe/src/linux_ms_dev_kit/debian/linux-modules-extra-6.13.9-jg-0-qcom-x1e/lib/modules/6.13.9-jg-0-qcom-x1e/kernel/drivers/i2c/busses/i2c-tegra.ko
Warning: Could not find /home/jglathe/src/linux_ms_dev_kit/debian/linux-modules-extra-6.13.9-jg-0-qcom-x1e/lib/modules/6.13.9-jg-0-qcom-x1e/kernel/drivers/infiniband/core/ib_addr.ko
Warning: Could not find /home/jglathe/src/linux_ms_dev_kit/debian/linux-modules-extra-6.13.9-jg-0-qcom-x1e/lib/modules/6.13.9-jg-0-qcom-x1e/kernel/drivers/infiniband/core/ib_cm.ko
Warning: Could not find /home/jglathe/src/linux_ms_dev_kit/debian/linux-modules-extra-6.13.9-jg-0-qcom-x1e/lib/modules/6.13.9-jg-0-qcom-x1e/kernel/drivers/infiniband/core/ib_core.ko
Warning: Could not find /home/jglathe/src/linux_ms_dev_kit/debian/linux-modules-extra-6.13.9-jg-0-qcom-x1e/lib/modules/6.13.9-jg-0-qcom-x1e/kernel/drivers/infiniband/core/ib_mad.ko
Warning: Could not find /home/jglathe/src/linux_ms_dev_kit/debian/linux-modules-extra-6.13.9-jg-0-qcom-x1e/lib/modules/6.13.9-jg-0-qcom-x1e/kernel/drivers/infiniband/core/ib_sa.ko
Warning: Could not find /home/jglathe/src/linux_ms_dev_kit/debian/linux-modules-extra-6.13.9-jg-0-qcom-x1e/lib/modules/6.13.9-jg-0-qcom-x1e/kernel/drivers/infiniband/core/iw_cm.ko
Warning: Could not find /home/jglathe/src/linux_ms_dev_kit/debian/linux-modules-extra-6.13.9-jg-0-qcom-x1e/lib/modules/6.13.9-jg-0-qcom-x1e/kernel/drivers/infiniband/core/rdma_cm.ko
Warning: Could not find /home/jglathe/src/linux_ms_dev_kit/debian/linux-modules-extra-6.13.9-jg-0-qcom-x1e/lib/modules/6.13.9-jg-0-qcom-x1e/kernel/drivers/infiniband/ulp/iser/ib_iser.ko
Warning: Could not find /home/jglathe/src/linux_ms_dev_kit/debian/linux-modules-extra-6.13.9-jg-0-qcom-x1e/lib/modules/6.13.9-jg-0-qcom-x1e/kernel/drivers/infiniband/ulp/isert/ib_isert.ko
Warning: Could not find /home/jglathe/src/linux_ms_dev_kit/debian/linux-modules-extra-6.13.9-jg-0-qcom-x1e/lib/modules/6.13.9-jg-0-qcom-x1e/kernel/drivers/input/evbug.ko
Warning: Could not find /home/jglathe/src/linux_ms_dev_kit/debian/linux-modules-extra-6.13.9-jg-0-qcom-x1e/lib/modules/6.13.9-jg-0-qcom-x1e/kernel/drivers/input/gameport/gameport.ko
Warning: Could not find /home/jglathe/src/linux_ms_dev_kit/debian/linux-modules-extra-6.13.9-jg-0-qcom-x1e/lib/modules/6.13.9-jg-0-qcom-x1e/kernel/drivers/input/input-leds.ko
Warning: Could not find /home/jglathe/src/linux_ms_dev_kit/debian/linux-modules-extra-6.13.9-jg-0-qcom-x1e/lib/modules/6.13.9-jg-0-qcom-x1e/kernel/drivers/input/joydev.ko
Warning: Could not find /home/jglathe/src/linux_ms_dev_kit/debian/linux-modules-extra-6.13.9-jg-0-qcom-x1e/lib/modules/6.13.9-jg-0-qcom-x1e/kernel/drivers/input/keyboard/gpio_keys.ko
Warning: Could not find /home/jglathe/src/linux_ms_dev_kit/debian/linux-modules-extra-6.13.9-jg-0-qcom-x1e/lib/modules/6.13.9-jg-0-qcom-x1e/kernel/drivers/input/misc/xen-kbdfront.ko
Warning: Could not find /home/jglathe/src/linux_ms_dev_kit/debian/linux-modules-extra-6.13.9-jg-0-qcom-x1e/lib/modules/6.13.9-jg-0-qcom-x1e/kernel/drivers/input/mouse/psmouse.ko
Warning: Could not find /home/jglathe/src/linux_ms_dev_kit/debian/linux-modules-extra-6.13.9-jg-0-qcom-x1e/lib/modules/6.13.9-jg-0-qcom-x1e/kernel/drivers/input/serio/hyperv-keyboard.ko
Warning: Could not find /home/jglathe/src/linux_ms_dev_kit/debian/linux-modules-extra-6.13.9-jg-0-qcom-x1e/lib/modules/6.13.9-jg-0-qcom-x1e/kernel/drivers/input/serio/serio_raw.ko
Warning: Could not find /home/jglathe/src/linux_ms_dev_kit/debian/linux-modules-extra-6.13.9-jg-0-qcom-x1e/lib/modules/6.13.9-jg-0-qcom-x1e/kernel/drivers/input/serio/serport.ko
Warning: Could not find /home/jglathe/src/linux_ms_dev_kit/debian/linux-modules-extra-6.13.9-jg-0-qcom-x1e/lib/modules/6.13.9-jg-0-qcom-x1e/kernel/drivers/input/touchscreen/usbtouchscreen.ko
Warning: Could not find /home/jglathe/src/linux_ms_dev_kit/debian/linux-modules-extra-6.13.9-jg-0-qcom-x1e/lib/modules/6.13.9-jg-0-qcom-x1e/kernel/drivers/leds/leds-powernv.ko
Warning: Could not find /home/jglathe/src/linux_ms_dev_kit/debian/linux-modules-extra-6.13.9-jg-0-qcom-x1e/lib/modules/6.13.9-jg-0-qcom-x1e/kernel/drivers/memory/tegra/tegra210-emc.ko
Warning: Could not find /home/jglathe/src/linux_ms_dev_kit/debian/linux-modules-extra-6.13.9-jg-0-qcom-x1e/lib/modules/6.13.9-jg-0-qcom-x1e/kernel/drivers/misc/eeprom/at24.ko
Warning: Could not find /home/jglathe/src/linux_ms_dev_kit/debian/linux-modules-extra-6.13.9-jg-0-qcom-x1e/lib/modules/6.13.9-jg-0-qcom-x1e/kernel/drivers/misc/vmw_balloon.ko
Warning: Could not find /home/jglathe/src/linux_ms_dev_kit/debian/linux-modules-extra-6.13.9-jg-0-qcom-x1e/lib/modules/6.13.9-jg-0-qcom-x1e/kernel/drivers/misc/vmw_vmci/vmw_vmci.ko
Warning: Could not find /home/jglathe/src/linux_ms_dev_kit/debian/linux-modules-extra-6.13.9-jg-0-qcom-x1e/lib/modules/6.13.9-jg-0-qcom-x1e/kernel/drivers/mmc/host/sdhci-tegra.ko
Warning: Could not find /home/jglathe/src/linux_ms_dev_kit/debian/linux-modules-extra-6.13.9-jg-0-qcom-x1e/lib/modules/6.13.9-jg-0-qcom-x1e/kernel/drivers/mtd/cmdlinepart.ko
Warning: Could not find /home/jglathe/src/linux_ms_dev_kit/debian/linux-modules-extra-6.13.9-jg-0-qcom-x1e/lib/modules/6.13.9-jg-0-qcom-x1e/kernel/drivers/mtd/devices/powernv_flash.ko
Warning: Could not find /home/jglathe/src/linux_ms_dev_kit/debian/linux-modules-extra-6.13.9-jg-0-qcom-x1e/lib/modules/6.13.9-jg-0-qcom-x1e/kernel/drivers/mtd/ofpart.ko
Warning: Could not find /home/jglathe/src/linux_ms_dev_kit/debian/linux-modules-extra-6.13.9-jg-0-qcom-x1e/lib/modules/6.13.9-jg-0-qcom-x1e/kernel/drivers/net/appletalk/ipddp.ko
Warning: Could not find /home/jglathe/src/linux_ms_dev_kit/debian/linux-modules-extra-6.13.9-jg-0-qcom-x1e/lib/modules/6.13.9-jg-0-qcom-x1e/kernel/drivers/net/bonding/bonding.ko
Warning: Could not find /home/jglathe/src/linux_ms_dev_kit/debian/linux-modules-extra-6.13.9-jg-0-qcom-x1e/lib/modules/6.13.9-jg-0-qcom-x1e/kernel/drivers/net/caif/caif_virtio.ko
Warning: Could not find /home/jglathe/src/linux_ms_dev_kit/debian/linux-modules-extra-6.13.9-jg-0-qcom-x1e/lib/modules/6.13.9-jg-0-qcom-x1e/kernel/drivers/net/dummy.ko
Warning: Could not find /home/jglathe/src/linux_ms_dev_kit/debian/linux-modules-extra-6.13.9-jg-0-qcom-x1e/lib/modules/6.13.9-jg-0-qcom-x1e/kernel/drivers/net/eql.ko
Warning: Could not find /home/jglathe/src/linux_ms_dev_kit/debian/linux-modules-extra-6.13.9-jg-0-qcom-x1e/lib/modules/6.13.9-jg-0-qcom-x1e/kernel/drivers/net/ethernet/8390/8390.ko
Warning: Could not find /home/jglathe/src/linux_ms_dev_kit/debian/linux-modules-extra-6.13.9-jg-0-qcom-x1e/lib/modules/6.13.9-jg-0-qcom-x1e/kernel/drivers/net/ethernet/8390/ne2k-pci.ko
Warning: Could not find /home/jglathe/src/linux_ms_dev_kit/debian/linux-modules-extra-6.13.9-jg-0-qcom-x1e/lib/modules/6.13.9-jg-0-qcom-x1e/kernel/drivers/net/ethernet/amazon/ena/ena.ko
Warning: Could not find /home/jglathe/src/linux_ms_dev_kit/debian/linux-modules-extra-6.13.9-jg-0-qcom-x1e/lib/modules/6.13.9-jg-0-qcom-x1e/kernel/drivers/net/ethernet/amd/pcnet32.ko
Warning: Could not find /home/jglathe/src/linux_ms_dev_kit/debian/linux-modules-extra-6.13.9-jg-0-qcom-x1e/lib/modules/6.13.9-jg-0-qcom-x1e/kernel/drivers/net/ethernet/broadcom/tg3.ko
Warning: Could not find /home/jglathe/src/linux_ms_dev_kit/debian/linux-modules-extra-6.13.9-jg-0-qcom-x1e/lib/modules/6.13.9-jg-0-qcom-x1e/kernel/drivers/net/ethernet/intel/e1000/e1000.ko
Warning: Could not find /home/jglathe/src/linux_ms_dev_kit/debian/linux-modules-extra-6.13.9-jg-0-qcom-x1e/lib/modules/6.13.9-jg-0-qcom-x1e/kernel/drivers/net/ethernet/intel/e1000e/e1000e.ko
Warning: Could not find /home/jglathe/src/linux_ms_dev_kit/debian/linux-modules-extra-6.13.9-jg-0-qcom-x1e/lib/modules/6.13.9-jg-0-qcom-x1e/kernel/drivers/net/ethernet/intel/iavf/iavf.ko
Warning: Could not find /home/jglathe/src/linux_ms_dev_kit/debian/linux-modules-extra-6.13.9-jg-0-qcom-x1e/lib/modules/6.13.9-jg-0-qcom-x1e/kernel/drivers/net/ethernet/intel/igbvf/igbvf.ko
Warning: Could not find /home/jglathe/src/linux_ms_dev_kit/debian/linux-modules-extra-6.13.9-jg-0-qcom-x1e/lib/modules/6.13.9-jg-0-qcom-x1e/kernel/drivers/net/ethernet/intel/ixgbevf/ixgbevf.ko
Warning: Could not find /home/jglathe/src/linux_ms_dev_kit/debian/linux-modules-extra-6.13.9-jg-0-qcom-x1e/lib/modules/6.13.9-jg-0-qcom-x1e/kernel/drivers/net/ethernet/netronome/nfp/nfp.ko
Warning: Could not find /home/jglathe/src/linux_ms_dev_kit/debian/linux-modules-extra-6.13.9-jg-0-qcom-x1e/lib/modules/6.13.9-jg-0-qcom-x1e/kernel/drivers/net/ethernet/realtek/8139cp.ko
Warning: Could not find /home/jglathe/src/linux_ms_dev_kit/debian/linux-modules-extra-6.13.9-jg-0-qcom-x1e/lib/modules/6.13.9-jg-0-qcom-x1e/kernel/drivers/net/ethernet/realtek/8139too.ko
Warning: Could not find /home/jglathe/src/linux_ms_dev_kit/debian/linux-modules-extra-6.13.9-jg-0-qcom-x1e/lib/modules/6.13.9-jg-0-qcom-x1e/kernel/drivers/net/ethernet/stmicro/stmmac/dwmac-dwc-qos-eth.ko
Warning: Could not find /home/jglathe/src/linux_ms_dev_kit/debian/linux-modules-extra-6.13.9-jg-0-qcom-x1e/lib/modules/6.13.9-jg-0-qcom-x1e/kernel/drivers/net/ethernet/stmicro/stmmac/stmmac-platform.ko
Warning: Could not find /home/jglathe/src/linux_ms_dev_kit/debian/linux-modules-extra-6.13.9-jg-0-qcom-x1e/lib/modules/6.13.9-jg-0-qcom-x1e/kernel/drivers/net/ethernet/stmicro/stmmac/stmmac.ko
Warning: Could not find /home/jglathe/src/linux_ms_dev_kit/debian/linux-modules-extra-6.13.9-jg-0-qcom-x1e/lib/modules/6.13.9-jg-0-qcom-x1e/kernel/drivers/net/geneve.ko
Warning: Could not find /home/jglathe/src/linux_ms_dev_kit/debian/linux-modules-extra-6.13.9-jg-0-qcom-x1e/lib/modules/6.13.9-jg-0-qcom-x1e/kernel/drivers/net/hyperv/hv_netvsc.ko
Warning: Could not find /home/jglathe/src/linux_ms_dev_kit/debian/linux-modules-extra-6.13.9-jg-0-qcom-x1e/lib/modules/6.13.9-jg-0-qcom-x1e/kernel/drivers/net/ifb.ko
Warning: Could not find /home/jglathe/src/linux_ms_dev_kit/debian/linux-modules-extra-6.13.9-jg-0-qcom-x1e/lib/modules/6.13.9-jg-0-qcom-x1e/kernel/drivers/net/macvlan.ko
Warning: Could not find /home/jglathe/src/linux_ms_dev_kit/debian/linux-modules-extra-6.13.9-jg-0-qcom-x1e/lib/modules/6.13.9-jg-0-qcom-x1e/kernel/drivers/net/macvtap.ko
Warning: Could not find /home/jglathe/src/linux_ms_dev_kit/debian/linux-modules-extra-6.13.9-jg-0-qcom-x1e/lib/modules/6.13.9-jg-0-qcom-x1e/kernel/drivers/net/mii.ko
Warning: Could not find /home/jglathe/src/linux_ms_dev_kit/debian/linux-modules-extra-6.13.9-jg-0-qcom-x1e/lib/modules/6.13.9-jg-0-qcom-x1e/kernel/drivers/net/netconsole.ko
Warning: Could not find /home/jglathe/src/linux_ms_dev_kit/debian/linux-modules-extra-6.13.9-jg-0-qcom-x1e/lib/modules/6.13.9-jg-0-qcom-x1e/kernel/drivers/net/pcs/pcs-xpcs.ko
Warning: Could not find /home/jglathe/src/linux_ms_dev_kit/debian/linux-modules-extra-6.13.9-jg-0-qcom-x1e/lib/modules/6.13.9-jg-0-qcom-x1e/kernel/drivers/net/phy/marvell.ko
Warning: Could not find /home/jglathe/src/linux_ms_dev_kit/debian/linux-modules-extra-6.13.9-jg-0-qcom-x1e/lib/modules/6.13.9-jg-0-qcom-x1e/kernel/drivers/net/phy/phylink.ko
Warning: Could not find /home/jglathe/src/linux_ms_dev_kit/debian/linux-modules-extra-6.13.9-jg-0-qcom-x1e/lib/modules/6.13.9-jg-0-qcom-x1e/kernel/drivers/net/ppp/bsd_comp.ko
Warning: Could not find /home/jglathe/src/linux_ms_dev_kit/debian/linux-modules-extra-6.13.9-jg-0-qcom-x1e/lib/modules/6.13.9-jg-0-qcom-x1e/kernel/drivers/net/veth.ko
Warning: Could not find /home/jglathe/src/linux_ms_dev_kit/debian/linux-modules-extra-6.13.9-jg-0-qcom-x1e/lib/modules/6.13.9-jg-0-qcom-x1e/kernel/drivers/net/virtio_net.ko
Warning: Could not find /home/jglathe/src/linux_ms_dev_kit/debian/linux-modules-extra-6.13.9-jg-0-qcom-x1e/lib/modules/6.13.9-jg-0-qcom-x1e/kernel/drivers/net/vmxnet3/vmxnet3.ko
Warning: Could not find /home/jglathe/src/linux_ms_dev_kit/debian/linux-modules-extra-6.13.9-jg-0-qcom-x1e/lib/modules/6.13.9-jg-0-qcom-x1e/kernel/drivers/net/vxlan.ko
Warning: Could not find /home/jglathe/src/linux_ms_dev_kit/debian/linux-modules-extra-6.13.9-jg-0-qcom-x1e/lib/modules/6.13.9-jg-0-qcom-x1e/kernel/drivers/net/wireguard/wireguard.ko
Warning: Could not find /home/jglathe/src/linux_ms_dev_kit/debian/linux-modules-extra-6.13.9-jg-0-qcom-x1e/lib/modules/6.13.9-jg-0-qcom-x1e/kernel/drivers/net/xen-netfront.ko
Warning: Could not find /home/jglathe/src/linux_ms_dev_kit/debian/linux-modules-extra-6.13.9-jg-0-qcom-x1e/lib/modules/6.13.9-jg-0-qcom-x1e/kernel/drivers/nvme/host/nvme.ko
Warning: Could not find /home/jglathe/src/linux_ms_dev_kit/debian/linux-modules-extra-6.13.9-jg-0-qcom-x1e/lib/modules/6.13.9-jg-0-qcom-x1e/kernel/drivers/nvmem/nvmem_core.ko
Warning: Could not find /home/jglathe/src/linux_ms_dev_kit/debian/linux-modules-extra-6.13.9-jg-0-qcom-x1e/lib/modules/6.13.9-jg-0-qcom-x1e/kernel/drivers/parport/parport.ko
Warning: Could not find /home/jglathe/src/linux_ms_dev_kit/debian/linux-modules-extra-6.13.9-jg-0-qcom-x1e/lib/modules/6.13.9-jg-0-qcom-x1e/kernel/drivers/parport/parport_pc.ko
Warning: Could not find /home/jglathe/src/linux_ms_dev_kit/debian/linux-modules-extra-6.13.9-jg-0-qcom-x1e/lib/modules/6.13.9-jg-0-qcom-x1e/kernel/drivers/pci/controller/dwc/pcie-tegra194.ko
Warning: Could not find /home/jglathe/src/linux_ms_dev_kit/debian/linux-modules-extra-6.13.9-jg-0-qcom-x1e/lib/modules/6.13.9-jg-0-qcom-x1e/kernel/drivers/pci/host/vmd.ko
Warning: Could not find /home/jglathe/src/linux_ms_dev_kit/debian/linux-modules-extra-6.13.9-jg-0-qcom-x1e/lib/modules/6.13.9-jg-0-qcom-x1e/kernel/drivers/phy/tegra/phy-tegra194-p2u.ko
Warning: Could not find /home/jglathe/src/linux_ms_dev_kit/debian/linux-modules-extra-6.13.9-jg-0-qcom-x1e/lib/modules/6.13.9-jg-0-qcom-x1e/kernel/drivers/pinctrl/pinctrl-max77620.ko
Warning: Could not find /home/jglathe/src/linux_ms_dev_kit/debian/linux-modules-extra-6.13.9-jg-0-qcom-x1e/lib/modules/6.13.9-jg-0-qcom-x1e/kernel/drivers/platform/x86/pvpanic.ko
Warning: Could not find /home/jglathe/src/linux_ms_dev_kit/debian/linux-modules-extra-6.13.9-jg-0-qcom-x1e/lib/modules/6.13.9-jg-0-qcom-x1e/kernel/drivers/pps/pps_core.ko
Warning: Could not find /home/jglathe/src/linux_ms_dev_kit/debian/linux-modules-extra-6.13.9-jg-0-qcom-x1e/lib/modules/6.13.9-jg-0-qcom-x1e/kernel/drivers/ptp/ptp.ko
Warning: Could not find /home/jglathe/src/linux_ms_dev_kit/debian/linux-modules-extra-6.13.9-jg-0-qcom-x1e/lib/modules/6.13.9-jg-0-qcom-x1e/kernel/drivers/pwm/pwm-tegra.ko
Warning: Could not find /home/jglathe/src/linux_ms_dev_kit/debian/linux-modules-extra-6.13.9-jg-0-qcom-x1e/lib/modules/6.13.9-jg-0-qcom-x1e/kernel/drivers/regulator/fixed.ko
Warning: Could not find /home/jglathe/src/linux_ms_dev_kit/debian/linux-modules-extra-6.13.9-jg-0-qcom-x1e/lib/modules/6.13.9-jg-0-qcom-x1e/kernel/drivers/regulator/max77620-regulator.ko
Warning: Could not find /home/jglathe/src/linux_ms_dev_kit/debian/linux-modules-extra-6.13.9-jg-0-qcom-x1e/lib/modules/6.13.9-jg-0-qcom-x1e/kernel/drivers/rtc/rtc-max77686.ko
Warning: Could not find /home/jglathe/src/linux_ms_dev_kit/debian/linux-modules-extra-6.13.9-jg-0-qcom-x1e/lib/modules/6.13.9-jg-0-qcom-x1e/kernel/drivers/rtc/rtc-tegra.ko
Warning: Could not find /home/jglathe/src/linux_ms_dev_kit/debian/linux-modules-extra-6.13.9-jg-0-qcom-x1e/lib/modules/6.13.9-jg-0-qcom-x1e/kernel/drivers/s390/block/xpram.ko
Warning: Could not find /home/jglathe/src/linux_ms_dev_kit/debian/linux-modules-extra-6.13.9-jg-0-qcom-x1e/lib/modules/6.13.9-jg-0-qcom-x1e/kernel/drivers/scsi/BusLogic.ko
Warning: Could not find /home/jglathe/src/linux_ms_dev_kit/debian/linux-modules-extra-6.13.9-jg-0-qcom-x1e/lib/modules/6.13.9-jg-0-qcom-x1e/kernel/drivers/scsi/device_handler/scsi_dh_alua.ko
Warning: Could not find /home/jglathe/src/linux_ms_dev_kit/debian/linux-modules-extra-6.13.9-jg-0-qcom-x1e/lib/modules/6.13.9-jg-0-qcom-x1e/kernel/drivers/scsi/device_handler/scsi_dh_emc.ko
Warning: Could not find /home/jglathe/src/linux_ms_dev_kit/debian/linux-modules-extra-6.13.9-jg-0-qcom-x1e/lib/modules/6.13.9-jg-0-qcom-x1e/kernel/drivers/scsi/device_handler/scsi_dh_hp_sw.ko
Warning: Could not find /home/jglathe/src/linux_ms_dev_kit/debian/linux-modules-extra-6.13.9-jg-0-qcom-x1e/lib/modules/6.13.9-jg-0-qcom-x1e/kernel/drivers/scsi/device_handler/scsi_dh_rdac.ko
Warning: Could not find /home/jglathe/src/linux_ms_dev_kit/debian/linux-modules-extra-6.13.9-jg-0-qcom-x1e/lib/modules/6.13.9-jg-0-qcom-x1e/kernel/drivers/scsi/hv_storvsc.ko
Warning: Could not find /home/jglathe/src/linux_ms_dev_kit/debian/linux-modules-extra-6.13.9-jg-0-qcom-x1e/lib/modules/6.13.9-jg-0-qcom-x1e/kernel/drivers/scsi/ipr.ko
Warning: Could not find /home/jglathe/src/linux_ms_dev_kit/debian/linux-modules-extra-6.13.9-jg-0-qcom-x1e/lib/modules/6.13.9-jg-0-qcom-x1e/kernel/drivers/scsi/iscsi_boot_sysfs.ko
Warning: Could not find /home/jglathe/src/linux_ms_dev_kit/debian/linux-modules-extra-6.13.9-jg-0-qcom-x1e/lib/modules/6.13.9-jg-0-qcom-x1e/kernel/drivers/scsi/iscsi_tcp.ko
Warning: Could not find /home/jglathe/src/linux_ms_dev_kit/debian/linux-modules-extra-6.13.9-jg-0-qcom-x1e/lib/modules/6.13.9-jg-0-qcom-x1e/kernel/drivers/scsi/libiscsi.ko
Warning: Could not find /home/jglathe/src/linux_ms_dev_kit/debian/linux-modules-extra-6.13.9-jg-0-qcom-x1e/lib/modules/6.13.9-jg-0-qcom-x1e/kernel/drivers/scsi/libiscsi_tcp.ko
Warning: Could not find /home/jglathe/src/linux_ms_dev_kit/debian/linux-modules-extra-6.13.9-jg-0-qcom-x1e/lib/modules/6.13.9-jg-0-qcom-x1e/kernel/drivers/scsi/osd/libosd.ko
Warning: Could not find /home/jglathe/src/linux_ms_dev_kit/debian/linux-modules-extra-6.13.9-jg-0-qcom-x1e/lib/modules/6.13.9-jg-0-qcom-x1e/kernel/drivers/scsi/osd/osd.ko
Warning: Could not find /home/jglathe/src/linux_ms_dev_kit/debian/linux-modules-extra-6.13.9-jg-0-qcom-x1e/lib/modules/6.13.9-jg-0-qcom-x1e/kernel/drivers/scsi/qla1280.ko
Warning: Could not find /home/jglathe/src/linux_ms_dev_kit/debian/linux-modules-extra-6.13.9-jg-0-qcom-x1e/lib/modules/6.13.9-jg-0-qcom-x1e/kernel/drivers/scsi/raid_class.ko
Warning: Could not find /home/jglathe/src/linux_ms_dev_kit/debian/linux-modules-extra-6.13.9-jg-0-qcom-x1e/lib/modules/6.13.9-jg-0-qcom-x1e/kernel/drivers/scsi/scsi_transport_fc.ko
Warning: Could not find /home/jglathe/src/linux_ms_dev_kit/debian/linux-modules-extra-6.13.9-jg-0-qcom-x1e/lib/modules/6.13.9-jg-0-qcom-x1e/kernel/drivers/scsi/scsi_transport_iscsi.ko
Warning: Could not find /home/jglathe/src/linux_ms_dev_kit/debian/linux-modules-extra-6.13.9-jg-0-qcom-x1e/lib/modules/6.13.9-jg-0-qcom-x1e/kernel/drivers/scsi/scsi_transport_sas.ko
Warning: Could not find /home/jglathe/src/linux_ms_dev_kit/debian/linux-modules-extra-6.13.9-jg-0-qcom-x1e/lib/modules/6.13.9-jg-0-qcom-x1e/kernel/drivers/scsi/scsi_transport_spi.ko
Warning: Could not find /home/jglathe/src/linux_ms_dev_kit/debian/linux-modules-extra-6.13.9-jg-0-qcom-x1e/lib/modules/6.13.9-jg-0-qcom-x1e/kernel/drivers/scsi/sd_mod.ko
Warning: Could not find /home/jglathe/src/linux_ms_dev_kit/debian/linux-modules-extra-6.13.9-jg-0-qcom-x1e/lib/modules/6.13.9-jg-0-qcom-x1e/kernel/drivers/scsi/sr_mod.ko
Warning: Could not find /home/jglathe/src/linux_ms_dev_kit/debian/linux-modules-extra-6.13.9-jg-0-qcom-x1e/lib/modules/6.13.9-jg-0-qcom-x1e/kernel/drivers/scsi/virtio_scsi.ko
Warning: Could not find /home/jglathe/src/linux_ms_dev_kit/debian/linux-modules-extra-6.13.9-jg-0-qcom-x1e/lib/modules/6.13.9-jg-0-qcom-x1e/kernel/drivers/scsi/vmw_pvscsi.ko
Warning: Could not find /home/jglathe/src/linux_ms_dev_kit/debian/linux-modules-extra-6.13.9-jg-0-qcom-x1e/lib/modules/6.13.9-jg-0-qcom-x1e/kernel/drivers/spi/spi-tegra114.ko
Warning: Could not find /home/jglathe/src/linux_ms_dev_kit/debian/linux-modules-extra-6.13.9-jg-0-qcom-x1e/lib/modules/6.13.9-jg-0-qcom-x1e/kernel/drivers/staging/media/tegra-video/tegra-video.ko
Warning: Could not find /home/jglathe/src/linux_ms_dev_kit/debian/linux-modules-extra-6.13.9-jg-0-qcom-x1e/lib/modules/6.13.9-jg-0-qcom-x1e/kernel/drivers/target/loopback/tcm_loop.ko
Warning: Could not find /home/jglathe/src/linux_ms_dev_kit/debian/linux-modules-extra-6.13.9-jg-0-qcom-x1e/lib/modules/6.13.9-jg-0-qcom-x1e/kernel/drivers/thermal/tegra/tegra-bpmp-thermal.ko
Warning: Could not find /home/jglathe/src/linux_ms_dev_kit/debian/linux-modules-extra-6.13.9-jg-0-qcom-x1e/lib/modules/6.13.9-jg-0-qcom-x1e/kernel/drivers/tty/serial/serial-tegra.ko
Warning: Could not find /home/jglathe/src/linux_ms_dev_kit/debian/linux-modules-extra-6.13.9-jg-0-qcom-x1e/lib/modules/6.13.9-jg-0-qcom-x1e/kernel/drivers/uio/uio.ko
Warning: Could not find /home/jglathe/src/linux_ms_dev_kit/debian/linux-modules-extra-6.13.9-jg-0-qcom-x1e/lib/modules/6.13.9-jg-0-qcom-x1e/kernel/drivers/uio/uio_pdrv_genirq.ko
Warning: Could not find /home/jglathe/src/linux_ms_dev_kit/debian/linux-modules-extra-6.13.9-jg-0-qcom-x1e/lib/modules/6.13.9-jg-0-qcom-x1e/kernel/drivers/usb/gadget/udc/tegra-xudc.ko
Warning: Could not find /home/jglathe/src/linux_ms_dev_kit/debian/linux-modules-extra-6.13.9-jg-0-qcom-x1e/lib/modules/6.13.9-jg-0-qcom-x1e/kernel/drivers/usb/storage/uas.ko
Warning: Could not find /home/jglathe/src/linux_ms_dev_kit/debian/linux-modules-extra-6.13.9-jg-0-qcom-x1e/lib/modules/6.13.9-jg-0-qcom-x1e/kernel/drivers/usb/storage/usb-storage.ko
Warning: Could not find /home/jglathe/src/linux_ms_dev_kit/debian/linux-modules-extra-6.13.9-jg-0-qcom-x1e/lib/modules/6.13.9-jg-0-qcom-x1e/kernel/drivers/video/vgastate.ko
Warning: Could not find /home/jglathe/src/linux_ms_dev_kit/debian/linux-modules-extra-6.13.9-jg-0-qcom-x1e/lib/modules/6.13.9-jg-0-qcom-x1e/kernel/drivers/virt/vboxguest/vboxguest.ko
Warning: Could not find /home/jglathe/src/linux_ms_dev_kit/debian/linux-modules-extra-6.13.9-jg-0-qcom-x1e/lib/modules/6.13.9-jg-0-qcom-x1e/kernel/drivers/watchdog/softdog.ko
Warning: Could not find /home/jglathe/src/linux_ms_dev_kit/debian/linux-modules-extra-6.13.9-jg-0-qcom-x1e/lib/modules/6.13.9-jg-0-qcom-x1e/kernel/fs/aufs/aufs.ko
Warning: Could not find /home/jglathe/src/linux_ms_dev_kit/debian/linux-modules-extra-6.13.9-jg-0-qcom-x1e/lib/modules/6.13.9-jg-0-qcom-x1e/kernel/fs/autofs/autofs4.ko
Warning: Could not find /home/jglathe/src/linux_ms_dev_kit/debian/linux-modules-extra-6.13.9-jg-0-qcom-x1e/lib/modules/6.13.9-jg-0-qcom-x1e/kernel/fs/binfmt_misc.ko
Warning: Could not find /home/jglathe/src/linux_ms_dev_kit/debian/linux-modules-extra-6.13.9-jg-0-qcom-x1e/lib/modules/6.13.9-jg-0-qcom-x1e/kernel/fs/cachefiles/cachefiles.ko
Warning: Could not find /home/jglathe/src/linux_ms_dev_kit/debian/linux-modules-extra-6.13.9-jg-0-qcom-x1e/lib/modules/6.13.9-jg-0-qcom-x1e/kernel/fs/dlm/dlm.ko
Warning: Could not find /home/jglathe/src/linux_ms_dev_kit/debian/linux-modules-extra-6.13.9-jg-0-qcom-x1e/lib/modules/6.13.9-jg-0-qcom-x1e/kernel/fs/exofs/libore.ko
Warning: Could not find /home/jglathe/src/linux_ms_dev_kit/debian/linux-modules-extra-6.13.9-jg-0-qcom-x1e/lib/modules/6.13.9-jg-0-qcom-x1e/kernel/fs/nls/nls_cp437.ko
Warning: Could not find /home/jglathe/src/linux_ms_dev_kit/debian/linux-modules-extra-6.13.9-jg-0-qcom-x1e/lib/modules/6.13.9-jg-0-qcom-x1e/kernel/fs/nls/nls_iso8859-1.ko
Warning: Could not find /home/jglathe/src/linux_ms_dev_kit/debian/linux-modules-extra-6.13.9-jg-0-qcom-x1e/lib/modules/6.13.9-jg-0-qcom-x1e/kernel/fs/shiftfs.ko
Warning: Could not find /home/jglathe/src/linux_ms_dev_kit/debian/linux-modules-extra-6.13.9-jg-0-qcom-x1e/lib/modules/6.13.9-jg-0-qcom-x1e/kernel/fs/vboxsf/vboxsf.ko
Warning: Could not find /home/jglathe/src/linux_ms_dev_kit/debian/linux-modules-extra-6.13.9-jg-0-qcom-x1e/lib/modules/6.13.9-jg-0-qcom-x1e/kernel/net/ceph/libceph.ko
Warning: Could not find /home/jglathe/src/linux_ms_dev_kit/debian/linux-modules-extra-6.13.9-jg-0-qcom-x1e/lib/modules/6.13.9-jg-0-qcom-x1e/kernel/net/netlink/netlink_diag.ko
Warning: Could not find /home/jglathe/src/linux_ms_dev_kit/debian/linux-modules-extra-6.13.9-jg-0-qcom-x1e/lib/modules/6.13.9-jg-0-qcom-x1e/kernel/net/packet/af_packet_diag.ko
Warning: Could not find /home/jglathe/src/linux_ms_dev_kit/debian/linux-modules-extra-6.13.9-jg-0-qcom-x1e/lib/modules/6.13.9-jg-0-qcom-x1e/kernel/net/sunrpc/auth_gss/auth_rpcgss.ko
Warning: Could not find /home/jglathe/src/linux_ms_dev_kit/debian/linux-modules-extra-6.13.9-jg-0-qcom-x1e/lib/modules/6.13.9-jg-0-qcom-x1e/kernel/net/sunrpc/auth_gss/rpcsec_gss_krb5.ko
Warning: Could not find /home/jglathe/src/linux_ms_dev_kit/debian/linux-modules-extra-6.13.9-jg-0-qcom-x1e/lib/modules/6.13.9-jg-0-qcom-x1e/kernel/net/sunrpc/sunrpc.ko
Warning: Could not find /home/jglathe/src/linux_ms_dev_kit/debian/linux-modules-extra-6.13.9-jg-0-qcom-x1e/lib/modules/6.13.9-jg-0-qcom-x1e/kernel/net/unix/unix_diag.ko
Warning: Could not find /home/jglathe/src/linux_ms_dev_kit/debian/linux-modules-extra-6.13.9-jg-0-qcom-x1e/lib/modules/6.13.9-jg-0-qcom-x1e/kernel/sound/drivers/pcsp/snd-pcsp.ko
Warning: Could not find /home/jglathe/src/linux_ms_dev_kit/debian/linux-modules-extra-6.13.9-jg-0-qcom-x1e/lib/modules/6.13.9-jg-0-qcom-x1e/kernel/sound/pci/hda/snd-hda-tegra.ko
Warning: Could not find /home/jglathe/src/linux_ms_dev_kit/debian/linux-modules-extra-6.13.9-jg-0-qcom-x1e/lib/modules/6.13.9-jg-0-qcom-x1e/kernel/sound/pci/snd-ens1370.ko
Warning: Could not find /home/jglathe/src/linux_ms_dev_kit/debian/linux-modules-extra-6.13.9-jg-0-qcom-x1e/lib/modules/6.13.9-jg-0-qcom-x1e/kernel/sound/soc/tegra/snd-soc-tegra186-dspk.ko
Warning: Could not find /home/jglathe/src/linux_ms_dev_kit/debian/linux-modules-extra-6.13.9-jg-0-qcom-x1e/lib/modules/6.13.9-jg-0-qcom-x1e/kernel/sound/soc/tegra/snd-soc-tegra210-admaif.ko
Warning: Could not find /home/jglathe/src/linux_ms_dev_kit/debian/linux-modules-extra-6.13.9-jg-0-qcom-x1e/lib/modules/6.13.9-jg-0-qcom-x1e/kernel/sound/soc/tegra/snd-soc-tegra210-ahub.ko
Warning: Could not find /home/jglathe/src/linux_ms_dev_kit/debian/linux-modules-extra-6.13.9-jg-0-qcom-x1e/lib/modules/6.13.9-jg-0-qcom-x1e/kernel/sound/soc/tegra/snd-soc-tegra210-dmic.ko
Warning: Could not find /home/jglathe/src/linux_ms_dev_kit/debian/linux-modules-extra-6.13.9-jg-0-qcom-x1e/lib/modules/6.13.9-jg-0-qcom-x1e/kernel/sound/soc/tegra/snd-soc-tegra210-i2s.ko
Warning: Could not find /home/jglathe/src/linux_ms_dev_kit/debian/linux-modules-extra-6.13.9-jg-0-qcom-x1e/lib/modules/6.13.9-jg-0-qcom-x1e/kernel/sound/soundcore.ko
Warning: Could not find /home/jglathe/src/linux_ms_dev_kit/debian/linux-modules-extra-6.13.9-jg-0-qcom-x1e/lib/modules/6.13.9-jg-0-qcom-x1e/kernel/ubuntu/ubuntu-host/ubuntu-host.ko
NOTE: pass 1: dependency scan
